[17:33:32] [main/INFO] (FabricLoader/GameProvider) Loading Minecraft 1.21.8 with Fabric Loader 0.17.2
[17:33:33] [main/INFO] (FabricLoader) Loading 50 mods:
	- avicraft 1.0.0
	- fabric-api 0.133.4+1.21.8
	- fabric-api-base 0.5.0+cd8c0daa2c
	- fabric-api-lookup-api-v1 1.6.101+946bf4c32c
	- fabric-biome-api-v1 16.0.11+946bf4c32c
	- fabric-block-api-v1 1.1.3+946bf4c32c
	- fabric-block-view-api-v2 1.0.31+946bf4c32c
	- fabric-client-gametest-api-v1 4.2.5+8a98c3fc2c
	- fabric-command-api-v2 2.3.1+52fff9ec2c
	- fabric-content-registries-v0 10.1.0+c75de69d2c
	- fabric-convention-tags-v1 2.1.41+7f945d5b2c
	- fabric-convention-tags-v2 2.15.6+eb5df52f2c
	- fabric-crash-report-info-v1 0.3.15+946bf4c32c
	- fabric-data-attachment-api-v1 1.8.13+38b5f74e2c
	- fabric-data-generation-api-v1 23.2.7+0b1ef9762c
	- fabric-dimensions-v1 4.0.20+948fc79a2c
	- fabric-entity-events-v1 2.1.2+c9e472732c
	- fabric-events-interaction-v0 4.0.25+946bf4c32c
	- fabric-game-rule-api-v1 1.0.73+c64c9c5b2c
	- fabric-gametest-api-v1 3.1.10+39ce47f52c
	- fabric-item-api-v1 11.5.0+02ce13f42c
	- fabric-item-group-api-v1 4.2.14+c5f9bbc12c
	- fabric-key-binding-api-v1 1.0.65+946bf4c32c
	- fabric-lifecycle-events-v1 2.6.4+db4dfd852c
	- fabric-loot-api-v2 3.0.56+3f89f5a52c
	- fabric-loot-api-v3 2.0.3+946bf4c32c
	- fabric-message-api-v1 6.1.2+946bf4c32c
	- fabric-model-loading-api-v1 5.2.7+946bf4c32c
	- fabric-networking-api-v1 5.0.3+4ddbf91b2c
	- fabric-object-builder-api-v1 21.1.9+946bf4c32c
	- fabric-particles-v1 4.1.9+946bf4c32c
	- fabric-recipe-api-v1 8.1.16+946bf4c32c
	- fabric-registry-sync-v0 6.1.29+946bf4c32c
	- fabric-renderer-api-v1 7.0.4+208eed172c
	- fabric-renderer-indigo 4.0.4+946bf4c32c
	- fabric-rendering-fluids-v1 3.1.31+fa6cb72b2c
	- fabric-rendering-v1 12.5.1+fbe231d52c
	- fabric-resource-conditions-api-v1 5.0.25+98e6d6db2c
	- fabric-resource-loader-v0 3.1.12+020423442c
	- fabric-screen-api-v1 2.1.1+277ecf7d2c
	- fabric-screen-handler-api-v1 1.3.138+946bf4c32c
	- fabric-serialization-api-v1 1.0.0+fc0e5aba2c
	- fabric-sound-api-v1 1.0.42+946bf4c32c
	- fabric-tag-api-v1 1.2.2+946bf4c32c
	- fabric-transfer-api-v1 6.0.6+946bf4c32c
	- fabric-transitive-access-wideners-v1 6.5.0+c847ce762c
	- fabricloader 0.17.2
	- java 21
	- minecraft 1.21.8
	- mixinextras 0.5.0
[17:33:33] [main/INFO] (FabricLoader/Mixin) SpongePowered MIXIN Subsystem Version=0.8.7 Source=file:/C:/Users/Blumenwitz/.gradle/caches/modules-2/files-2.1/net.fabricmc/sponge-mixin/0.16.3+mixin.0.8.7/3e535042688d1265447e52ad86950b7d9678a5fa/sponge-mixin-0.16.3+mixin.0.8.7.jar Service=Knot/Fabric Env=CLIENT
[17:33:33] [main/INFO] (FabricLoader/Mixin) Loaded Fabric development mappings for mixin remapper!
[17:33:33] [main/INFO] (FabricLoader/Mixin) Compatibility level set to JAVA_21
[17:33:34] [main/INFO] (FabricLoader/MixinExtras|Service) Initializing MixinExtras via com.llamalad7.mixinextras.service.MixinExtrasServiceImpl(version=0.5.0).
[17:33:35] [Datafixer Bootstrap/INFO] (Minecraft) 269 Datafixer optimizations took 430 milliseconds
[17:33:40] [Render thread/INFO] (Minecraft) Environment: Environment[sessionHost=https://sessionserver.mojang.com, servicesHost=https://api.minecraftservices.com, name=PROD]
[17:33:40] [Render thread/INFO] (Minecraft) Setting user: Player83
[17:33:40] [Render thread/INFO] (avicraft) Registering Mod Items for avicraft
[17:33:40] [Render thread/INFO] (avicraft) Registering Mod Entities for avicraft
[17:33:40] [Render thread/INFO] (avicraft) Registering sound event with ID: avicraft:audubons_warbler_song
[17:33:40] [Render thread/INFO] (avicraft) Registering sound event with ID: avicraft:black_throated_blue_warbler_song
[17:33:40] [Render thread/INFO] (avicraft) Registering sound event with ID: avicraft:yellow_warbler_song
[17:33:40] [Render thread/INFO] (avicraft) Registering sound event with ID: avicraft:myrtle_warbler_song
[17:33:40] [Render thread/INFO] (avicraft) Registering sound event with ID: avicraft:red_faced_warbler_song
[17:33:40] [Render thread/INFO] (avicraft) Registering sound event with ID: avicraft:magnolia_warbler_song
[17:33:40] [Render thread/INFO] (avicraft) Registering sound event with ID: avicraft:painted_redstart_song
[17:33:40] [Render thread/INFO] (avicraft) Registering sound event with ID: avicraft:american_redstart_song
[17:33:40] [Render thread/INFO] (avicraft) Registering Sounds for avicraft
[17:33:40] [Render thread/INFO] (Indigo) [Indigo] Registering Indigo renderer!
[17:33:40] [Render thread/INFO] (Minecraft) Backend library: LWJGL version 3.3.3-snapshot
[17:33:41] [Render thread/INFO] (Minecraft) Using optional rendering extensions: GL_ARB_buffer_storage, GL_KHR_debug, GL_ARB_vertex_attrib_binding, GL_ARB_direct_state_access
[17:33:41] [Render thread/INFO] (Minecraft) Reloading ResourceManager: vanilla, fabric, avicraft, fabric-api, fabric-api-base, fabric-api-lookup-api-v1, fabric-biome-api-v1, fabric-block-api-v1, fabric-block-view-api-v2, fabric-client-gametest-api-v1, fabric-command-api-v2, fabric-content-registries-v0, fabric-convention-tags-v1, fabric-convention-tags-v2, fabric-crash-report-info-v1, fabric-data-attachment-api-v1, fabric-data-generation-api-v1, fabric-dimensions-v1, fabric-entity-events-v1, fabric-events-interaction-v0, fabric-game-rule-api-v1, fabric-gametest-api-v1, fabric-item-api-v1, fabric-item-group-api-v1, fabric-key-binding-api-v1, fabric-lifecycle-events-v1, fabric-loot-api-v2, fabric-loot-api-v3, fabric-message-api-v1, fabric-model-loading-api-v1, fabric-networking-api-v1, fabric-object-builder-api-v1, fabric-particles-v1, fabric-recipe-api-v1, fabric-registry-sync-v0, fabric-renderer-api-v1, fabric-renderer-indigo, fabric-rendering-fluids-v1, fabric-rendering-v1, fabric-resource-conditions-api-v1, fabric-resource-loader-v0, fabric-screen-api-v1, fabric-screen-handler-api-v1, fabric-serialization-api-v1, fabric-sound-api-v1, fabric-tag-api-v1, fabric-transfer-api-v1, fabric-transitive-access-wideners-v1, fabricloader
[17:33:41] [Worker-Main-10/INFO] (Minecraft) Found unifont_pua-16.0.03.hex, loading
[17:33:41] [Worker-Main-11/INFO] (Minecraft) Found unifont_jp_patch-16.0.03.hex, loading
[17:33:41] [Worker-Main-9/INFO] (Minecraft) Found unifont_all_no_pua-16.0.03.hex, loading
[17:33:42] [Worker-Main-6/WARN] (Minecraft) Missing block model: tutorialmod:item/pink_garnet
[17:33:42] [Render thread/INFO] (Minecraft) OpenAL initialized on device OpenAL Soft on BenQ GW2765 (NVIDIA High Definition Audio)
[17:33:42] [Render thread/INFO] (Minecraft) Sound engine started
[17:33:42] [Render thread/INFO] (Minecraft) Created: 1024x512x4 minecraft:textures/atlas/blocks.png-atlas
[17:33:42] [Render thread/INFO] (Minecraft) Created: 256x256x4 minecraft:textures/atlas/signs.png-atlas
[17:33:42] [Render thread/INFO] (Minecraft) Created: 512x512x4 minecraft:textures/atlas/shield_patterns.png-atlas
[17:33:42] [Render thread/INFO] (Minecraft) Created: 512x512x4 minecraft:textures/atlas/banner_patterns.png-atlas
[17:33:42] [Render thread/INFO] (Minecraft) Created: 2048x1024x4 minecraft:textures/atlas/armor_trims.png-atlas
[17:33:42] [Render thread/INFO] (Minecraft) Created: 128x64x4 minecraft:textures/atlas/decorated_pot.png-atlas
[17:33:42] [Render thread/INFO] (Minecraft) Created: 256x256x4 minecraft:textures/atlas/chest.png-atlas
[17:33:42] [Render thread/INFO] (Minecraft) Created: 512x256x4 minecraft:textures/atlas/shulker_boxes.png-atlas
[17:33:42] [Render thread/INFO] (Minecraft) Created: 512x256x4 minecraft:textures/atlas/beds.png-atlas
[17:33:42] [Render thread/INFO] (Minecraft) Created: 64x64x0 minecraft:textures/atlas/map_decorations.png-atlas
[17:33:43] [Render thread/INFO] (Minecraft) Created: 512x256x0 minecraft:textures/atlas/particles.png-atlas
[17:33:43] [Render thread/INFO] (Minecraft) Created: 512x256x0 minecraft:textures/atlas/paintings.png-atlas
[17:33:43] [Render thread/INFO] (Minecraft) Created: 1024x512x0 minecraft:textures/atlas/gui.png-atlas
[17:34:03] [Render thread/INFO] (Minecraft) Loaded 1407 recipes
[17:34:03] [Render thread/INFO] (Minecraft) Loaded 1520 advancements
[17:34:03] [Render thread/INFO] (BiomeModificationImpl) Applied 19 biome modifications to 18 of 65 new biomes in 4.843 ms
[17:34:03] [Server thread/INFO] (Minecraft) Starting integrated minecraft server version 1.21.8
[17:34:03] [Server thread/INFO] (Minecraft) Generating keypair
[17:34:03] [Server thread/INFO] (Minecraft) Preparing start region for dimension minecraft:overworld
[17:34:04] [Render thread/INFO] (Minecraft) Preparing spawn area: 0%
[17:34:04] [Render thread/INFO] (Minecraft) Preparing spawn area: 0%
[17:34:04] [Render thread/INFO] (Minecraft) Time elapsed: 663 ms
[17:34:04] [Server thread/INFO] (Minecraft) Changing view distance to 32, from 10
[17:34:04] [Server thread/INFO] (Minecraft) Changing simulation distance to 12, from 0
[17:34:05] [Server thread/INFO] (Minecraft) Player83[local:E:4bb99eed] logged in with entity id 10 at (-234.2712406204361, 63.0, -444.28968546613754)
[17:34:05] [Server thread/INFO] (Minecraft) Player83 joined the game
[17:34:05] [Render thread/INFO] (Minecraft) Loaded 2 advancements
[17:34:05] [Render thread/INFO] (Minecraft) Resizing Dynamic Transforms UBO, capacity limit of 2 reached during a single frame. New capacity will be 4.
[17:34:05] [Render thread/INFO] (Minecraft) Resizing Dynamic Transforms UBO, capacity limit of 4 reached during a single frame. New capacity will be 8.
[17:34:05] [Render thread/INFO] (Minecraft) Resizing Dynamic Transforms UBO, capacity limit of 8 reached during a single frame. New capacity will be 16.
[17:34:06] [Render thread/INFO] (Minecraft) Resizing Dynamic Transforms UBO, capacity limit of 16 reached during a single frame. New capacity will be 32.
[17:34:06] [Render thread/INFO] (Minecraft) Resizing Dynamic Transforms UBO, capacity limit of 32 reached during a single frame. New capacity will be 64.
[17:34:06] [Render thread/INFO] (Minecraft) Resizing Dynamic Transforms UBO, capacity limit of 64 reached during a single frame. New capacity will be 128.
[17:34:06] [Render thread/INFO] (Minecraft) Resizing Dynamic Transforms UBO, capacity limit of 128 reached during a single frame. New capacity will be 256.
[17:34:06] [Render thread/INFO] (Minecraft) Resizing Dynamic Transforms UBO, capacity limit of 256 reached during a single frame. New capacity will be 512.
[17:34:07] [Render thread/INFO] (Minecraft) Resizing Dynamic Transforms UBO, capacity limit of 512 reached during a single frame. New capacity will be 1024.
[17:34:08] [Render thread/INFO] (Minecraft) Resizing Dynamic Transforms UBO, capacity limit of 1024 reached during a single frame. New capacity will be 2048.
[17:34:10] [Render thread/INFO] (Minecraft) Resizing Dynamic Transforms UBO, capacity limit of 2048 reached during a single frame. New capacity will be 4096.
[17:34:11] [Server thread/INFO] (avicraft) Heading to Destination at -234.5 63.5 -442.5
[17:34:13] [Render thread/INFO] (Minecraft) Resizing Dynamic Transforms UBO, capacity limit of 4096 reached during a single frame. New capacity will be 8192.
[17:34:13] [Render thread/WARN] (Minecraft) Unable to play empty soundEvent: minecraft:entity.tropical_fish.ambient
[17:34:16] [Server thread/INFO] (Minecraft) Saving and pausing game...
[17:34:16] [Server thread/INFO] (Minecraft) Saving chunks for level 'ServerLevel[New World]'/minecraft:overworld
[17:34:16] [Server thread/INFO] (Minecraft) Saving chunks for level 'ServerLevel[New World]'/minecraft:the_nether
[17:34:16] [Server thread/INFO] (Minecraft) Saving chunks for level 'ServerLevel[New World]'/minecraft:the_end
[17:34:16] [Server thread/INFO] (Minecraft) Player83 lost connection: Disconnected
[17:34:16] [Server thread/INFO] (Minecraft) Player83 left the game
[17:34:16] [Server thread/INFO] (Minecraft) Stopping singleplayer server as player logged out
[17:34:16] [Server thread/INFO] (Minecraft) Stopping server
[17:34:16] [Server thread/INFO] (Minecraft) Saving players
[17:34:16] [Server thread/INFO] (Minecraft) Saving worlds
[17:34:17] [Server thread/INFO] (Minecraft) Saving chunks for level 'ServerLevel[New World]'/minecraft:overworld
[17:34:19] [Server thread/INFO] (Minecraft) Saving chunks for level 'ServerLevel[New World]'/minecraft:the_nether
[17:34:19] [Server thread/INFO] (Minecraft) Saving chunks for level 'ServerLevel[New World]'/minecraft:the_end
[17:34:19] [Server thread/INFO] (Minecraft) ThreadedAnvilChunkStorage (New World): All chunks are saved
[17:34:19] [Server thread/INFO] (Minecraft) ThreadedAnvilChunkStorage (DIM-1): All chunks are saved
[17:34:19] [Server thread/INFO] (Minecraft) ThreadedAnvilChunkStorage (DIM1): All chunks are saved
[17:34:19] [Server thread/INFO] (Minecraft) ThreadedAnvilChunkStorage: All dimensions are saved
[17:34:20] [Render thread/INFO] (Minecraft) Stopping!
